29.12.2023, 19:28:25 - INFO - server.js loaded... 
29.12.2023, 19:28:25 - INFO - Server is running on port: 3030 
29.12.2023, 19:28:28 - INFO - server.js loaded... 
29.12.2023, 19:28:28 - INFO - Server is running on port: 3030 
29.12.2023, 19:29:17 - INFO - server.js loaded... 
29.12.2023, 19:29:17 - INFO - Server is running on port: 3030 
29.12.2023, 19:30:44 - INFO - server.js loaded... 
29.12.2023, 19:30:44 - INFO - Server is running on port: 3030 
29.12.2023, 19:30:47 - INFO - server.js loaded... 
29.12.2023, 19:30:47 - INFO - Server is running on port: 3030 
29.12.2023, 22:49:48 - INFO - Server is running on port: 3030 
29.12.2023, 22:49:48 - INFO - server.js loaded... 
29.12.2023, 22:55:25 - INFO - server.js loaded... 
29.12.2023, 22:55:25 - INFO - Server is running on port: 3030 
29.12.2023, 22:56:50 - INFO - server.js loaded... 
29.12.2023, 22:56:50 - INFO - Server is running on port: 3030 
29.12.2023, 22:56:53 - INFO - Req was made | / 
29.12.2023, 22:56:53 - INFO - Req was made | / 
29.12.2023, 22:56:59 - INFO - Req was made | / 
29.12.2023, 22:56:59 - INFO - Req was made | / 
29.12.2023, 22:57:10 - INFO - Req was made | / 
29.12.2023, 22:57:11 - INFO - Req was made | / 
29.12.2023, 22:57:13 - INFO - Req was made | / 
29.12.2023, 22:57:15 - INFO - Req was made | / 
29.12.2023, 22:57:15 - INFO - Req was made | / 
29.12.2023, 22:57:17 - INFO - Req was made | / 
29.12.2023, 22:57:30 - INFO - Req was made | / 
29.12.2023, 22:57:30 - INFO - Req was made | / 
29.12.2023, 22:57:57 - INFO - server.js loaded... 
29.12.2023, 22:57:57 - INFO - Server is running on port: 3030 
29.12.2023, 22:58:00 - INFO - Req was made | / 
29.12.2023, 22:58:00 - INFO - Req was made | / 
29.12.2023, 22:59:15 - INFO - server.js loaded... 
29.12.2023, 22:59:15 - INFO - Server is running on port: 3030 
29.12.2023, 22:59:18 - INFO - Req was made | / 
29.12.2023, 22:59:18 - INFO - Req was made | / 
29.12.2023, 22:59:38 - INFO - server.js loaded... 
29.12.2023, 22:59:38 - INFO - Server is running on port: 3030 
29.12.2023, 22:59:41 - INFO - Req was made | / 
29.12.2023, 22:59:41 - INFO - Req was made | / 
29.12.2023, 23:07:19 - INFO - Req was made | / 
29.12.2023, 23:07:20 - INFO - Req was made | / 
29.12.2023, 23:07:28 - INFO - server.js loaded... 
29.12.2023, 23:07:28 - INFO - Server is running on port: 3030 
29.12.2023, 23:08:33 - INFO - Req was made | / 
29.12.2023, 23:08:35 - INFO - Req was made | / 
29.12.2023, 23:08:35 - INFO - Req was made | / 
29.12.2023, 23:08:45 - INFO - Req was made | / 
29.12.2023, 23:09:06 - INFO - Req was made | / 
29.12.2023, 23:09:36 - INFO - server.js loaded... 
29.12.2023, 23:09:36 - INFO - Server is running on port: 3030 
29.12.2023, 23:09:45 - INFO - server.js loaded... 
29.12.2023, 23:09:45 - INFO - Server is running on port: 3030 
29.12.2023, 23:09:59 - INFO - server.js loaded... 
29.12.2023, 23:09:59 - INFO - Server is running on port: 3030 
29.12.2023, 23:10:03 - INFO - Req was made | / 
29.12.2023, 23:10:03 - INFO - Req was made | / 
29.12.2023, 23:10:36 - INFO - server.js loaded... 
29.12.2023, 23:10:36 - INFO - Server is running on port: 3030 
29.12.2023, 23:10:42 - INFO - Req was made | / 
29.12.2023, 23:10:42 - INFO - Req was made | / 
29.12.2023, 23:10:53 - INFO - server.js loaded... 
29.12.2023, 23:10:53 - INFO - Server is running on port: 3030 
29.12.2023, 23:11:03 - INFO - Req was made | / 
29.12.2023, 23:11:03 - INFO - Req was made | / 
29.12.2023, 23:14:10 - INFO - server.js loaded... 
29.12.2023, 23:14:10 - INFO - Server is running on port: 3030 
29.12.2023, 23:14:14 - INFO - Req was made | / 
29.12.2023, 23:14:15 - INFO - Req was made | / 
29.12.2023, 23:14:31 - INFO - Req was made | / 
29.12.2023, 23:14:31 - INFO - Req was made | / 
29.12.2023, 23:15:52 - INFO - Req was made | / 
29.12.2023, 23:15:52 - INFO - Req was made | / 
29.12.2023, 23:17:13 - INFO - Req was made | / 
29.12.2023, 23:17:15 - INFO - Req was made | / 
29.12.2023, 23:17:15 - INFO - Req was made | / 
29.12.2023, 23:28:40 - INFO - Req was made | / 
29.12.2023, 23:28:42 - INFO - Req was made | / 
29.12.2023, 23:30:09 - INFO - Req was made | / 
29.12.2023, 23:34:54 - INFO - Req was made | / 
29.12.2023, 23:37:15 - INFO - Req was made | / 
29.12.2023, 23:37:19 - INFO - Req was made | / 
29.12.2023, 23:37:21 - INFO - Req was made | / 
29.12.2023, 23:37:23 - INFO - Req was made | / 
29.12.2023, 23:37:27 - INFO - Req was made | / 
29.12.2023, 23:44:17 - INFO - Req was made | / 
29.12.2023, 23:44:19 - INFO - Req was made | / 
29.12.2023, 23:44:20 - INFO - Req was made | / 
29.12.2023, 23:44:23 - INFO - Req was made | / 
29.12.2023, 23:44:25 - INFO - Req was made | / 
29.12.2023, 23:44:26 - INFO - Req was made | / 
29.12.2023, 23:44:30 - INFO - Req was made | / 
29.12.2023, 23:45:14 - INFO - server.js loaded... 
29.12.2023, 23:45:14 - INFO - Server is running on port: 3030 
29.12.2023, 23:45:17 - INFO - Req was made | / 
29.12.2023, 23:45:21 - INFO - server.js loaded... 
29.12.2023, 23:45:21 - INFO - Server is running on port: 3030 
29.12.2023, 23:45:23 - INFO - Req was made | / 
29.12.2023, 23:45:58 - INFO - Req was made | / 
29.12.2023, 23:47:43 - INFO - server.js loaded... 
29.12.2023, 23:47:43 - INFO - Server is running on port: 3030 
29.12.2023, 23:47:45 - INFO - Req was made | / 
29.12.2023, 23:48:01 - INFO - server.js loaded... 
29.12.2023, 23:48:01 - INFO - Server is running on port: 3030 
29.12.2023, 23:48:03 - INFO - Req was made | / 
29.12.2023, 23:48:06 - INFO - Req was made | / 
29.12.2023, 23:49:29 - INFO - Req was made | / 
29.12.2023, 23:50:54 - INFO - Server is running on port: 3030 
29.12.2023, 23:50:54 - INFO - server.js loaded... 
29.12.2023, 23:51:54 - INFO - server.js loaded... 
29.12.2023, 23:51:54 - INFO - Server is running on port: 3030 
29.12.2023, 23:52:06 - INFO - server.js loaded... 
29.12.2023, 23:52:06 - INFO - Server is running on port: 3030 
29.12.2023, 23:52:07 - INFO - Req was made | / 
29.12.2023, 23:52:10 - INFO - Req was made | / 
29.12.2023, 23:52:24 - INFO - Req was made | / 
29.12.2023, 23:52:27 - INFO - Req was made | / 
29.12.2023, 23:52:30 - INFO - Req was made | / 
29.12.2023, 23:52:59 - INFO - Req was made | / 
29.12.2023, 23:53:02 - INFO - Req was made | / 
29.12.2023, 23:54:14 - INFO - server.js loaded... 
29.12.2023, 23:54:14 - INFO - Server is running on port: 3030 
29.12.2023, 23:54:19 - INFO - Req was made | / 
29.12.2023, 23:54:21 - INFO - Req was made | / 
29.12.2023, 23:54:47 - INFO - Req was made | / 
29.12.2023, 23:54:49 - INFO - Req was made | / 
29.12.2023, 23:55:05 - INFO - Req was made | / 
29.12.2023, 23:55:21 - INFO - server.js loaded... 
29.12.2023, 23:55:21 - INFO - Server is running on port: 3030 
29.12.2023, 23:55:37 - INFO - Req was made | / 
29.12.2023, 23:55:44 - INFO - server.js loaded... 
29.12.2023, 23:55:44 - INFO - Server is running on port: 3030 
29.12.2023, 23:55:48 - INFO - Req was made | / 
29.12.2023, 23:56:05 - INFO - server.js loaded... 
29.12.2023, 23:56:05 - INFO - Server is running on port: 3030 
29.12.2023, 23:58:57 - INFO - Req was made | / 
29.12.2023, 23:59:01 - INFO - Req was made | / 
29.12.2023, 23:59:14 - INFO - Req was made | / 
29.12.2023, 23:59:16 - INFO - Req was made | / 
29.12.2023, 23:59:29 - INFO - Req was made | / 
29.12.2023, 23:59:56 - INFO - Req was made | / 
30.12.2023, 0:04:50 - INFO - server.js loaded... 
30.12.2023, 0:04:50 - INFO - Server is running on port: 3030 
30.12.2023, 0:04:54 - INFO - Req was made | / 
30.12.2023, 0:05:02 - INFO - server.js loaded... 
30.12.2023, 0:05:02 - INFO - Server is running on port: 3030 
30.12.2023, 0:05:04 - INFO - Req was made | / 
30.12.2023, 0:05:21 - INFO - server.js loaded... 
30.12.2023, 0:05:21 - INFO - Server is running on port: 3030 
30.12.2023, 0:05:24 - INFO - Req was made | / 
30.12.2023, 0:05:28 - INFO - Req was made | / 
30.12.2023, 0:05:44 - INFO - server.js loaded... 
30.12.2023, 0:05:44 - INFO - Server is running on port: 3030 
30.12.2023, 0:05:45 - INFO - Req was made | / 
30.12.2023, 0:06:05 - INFO - Req was made | / 
30.12.2023, 0:06:06 - INFO - Req was made | / 
30.12.2023, 0:06:20 - INFO - server.js loaded... 
30.12.2023, 0:06:20 - INFO - Server is running on port: 3030 
30.12.2023, 0:10:29 - INFO - Req was made | / 
30.12.2023, 0:10:35 - INFO - Req was made | / 
30.12.2023, 0:10:39 - INFO - server.js loaded... 
30.12.2023, 0:10:39 - INFO - Server is running on port: 3030 
30.12.2023, 0:10:39 - INFO - Req was made | / 
30.12.2023, 0:11:53 - INFO - Req was made | / 
30.12.2023, 0:11:58 - INFO - Req was made | / 
30.12.2023, 0:12:20 - INFO - Req was made | / 
30.12.2023, 0:12:23 - INFO - Req was made | / 
30.12.2023, 0:13:45 - INFO - server.js loaded... 
30.12.2023, 0:13:45 - INFO - Server is running on port: 3030 
30.12.2023, 0:14:59 - INFO - server.js loaded... 
30.12.2023, 0:14:59 - INFO - Server is running on port: 3030 
30.12.2023, 0:15:02 - INFO - Req was made | / 
30.12.2023, 0:15:07 - INFO - Req was made | / 
30.12.2023, 0:15:09 - INFO - Req was made | / 
30.12.2023, 0:15:29 - INFO - server.js loaded... 
30.12.2023, 0:15:29 - INFO - Server is running on port: 3030 
30.12.2023, 0:15:31 - INFO - Req was made | / 
30.12.2023, 0:15:38 - INFO - server.js loaded... 
30.12.2023, 0:15:38 - INFO - Server is running on port: 3030 
30.12.2023, 0:15:41 - INFO - Req was made | / 
30.12.2023, 0:16:00 - INFO - Req was made | / 
30.12.2023, 0:16:23 - INFO - server.js loaded... 
30.12.2023, 0:16:23 - INFO - Server is running on port: 3030 
30.12.2023, 0:16:25 - INFO - Req was made | / 
30.12.2023, 0:16:37 - INFO - server.js loaded... 
30.12.2023, 0:16:37 - INFO - Server is running on port: 3030 
30.12.2023, 0:16:40 - INFO - Req was made | / 
30.12.2023, 0:17:29 - INFO - server.js loaded... 
30.12.2023, 0:17:29 - INFO - Server is running on port: 3030 
30.12.2023, 0:17:33 - INFO - Req was made | / 
30.12.2023, 0:17:40 - INFO - server.js loaded... 
30.12.2023, 0:17:40 - INFO - Server is running on port: 3030 
30.12.2023, 0:17:42 - INFO - Req was made | / 
30.12.2023, 0:18:08 - INFO - server.js loaded... 
30.12.2023, 0:18:08 - INFO - Server is running on port: 3030 
30.12.2023, 0:18:11 - INFO - Req was made | / 
30.12.2023, 0:20:33 - INFO - server.js loaded... 
30.12.2023, 0:20:33 - INFO - Server is running on port: 3030 
30.12.2023, 0:28:33 - INFO - Req was made | / 
30.12.2023, 0:28:56 - INFO - server.js loaded... 
30.12.2023, 0:28:56 - INFO - Server is running on port: 3030 
30.12.2023, 0:29:00 - INFO - Req was made | / 
30.12.2023, 0:32:25 - INFO - server.js loaded... 
30.12.2023, 0:32:25 - INFO - Server is running on port: 3030 
30.12.2023, 0:32:31 - INFO - Req was made | / 
30.12.2023, 0:32:48 - INFO - Req was made | / 
30.12.2023, 0:32:50 - INFO - Req was made | / 
30.12.2023, 0:33:00 - INFO - Req was made | / 
30.12.2023, 0:33:03 - INFO - Req was made | / 
30.12.2023, 0:33:11 - INFO - server.js loaded... 
30.12.2023, 0:33:11 - INFO - Server is running on port: 3030 
30.12.2023, 0:33:12 - INFO - Req was made | / 
30.12.2023, 0:33:39 - INFO - Req was made | / 
30.12.2023, 0:33:57 - INFO - Req was made | / 
30.12.2023, 0:34:04 - INFO - Req was made | / 
30.12.2023, 0:34:46 - INFO - server.js loaded... 
30.12.2023, 0:34:46 - INFO - Server is running on port: 3030 
30.12.2023, 0:34:48 - INFO - Req was made | / 
30.12.2023, 0:34:51 - INFO - Req was made | / 
30.12.2023, 0:35:04 - INFO - Req was made | / 
30.12.2023, 0:35:07 - INFO - Req was made | / 
30.12.2023, 0:35:08 - INFO - Req was made | / 
30.12.2023, 0:40:45 - INFO - Req was made | / 
30.12.2023, 0:49:17 - INFO - server.js loaded... 
30.12.2023, 0:49:17 - INFO - Server is running on port: 3030 
30.12.2023, 0:50:37 - INFO - server.js loaded... 
30.12.2023, 0:50:37 - INFO - Server is running on port: 3030 
30.12.2023, 0:51:26 - INFO - Server is running on port: 3030 
30.12.2023, 0:51:26 - INFO - server.js loaded... 
30.12.2023, 0:53:14 - INFO - server.js loaded... 
30.12.2023, 0:53:14 - INFO - Server is running on port: 3030 
30.12.2023, 0:54:53 - INFO - Req was made | / 
30.12.2023, 0:54:57 - INFO - Req was made | / 
30.12.2023, 0:55:02 - INFO - Req was made | / 
30.12.2023, 0:55:04 - INFO - Req was made | / 
30.12.2023, 0:55:05 - INFO - Req was made | / 
30.12.2023, 0:55:06 - INFO - Req was made | / 
30.12.2023, 0:55:07 - INFO - Req was made | / 
30.12.2023, 0:55:11 - INFO - Req was made | / 
30.12.2023, 0:55:13 - INFO - Req was made | / 
30.12.2023, 0:55:13 - INFO - Req was made | / 
30.12.2023, 0:55:15 - INFO - Req was made | / 
30.12.2023, 0:55:17 - INFO - Req was made | / 
30.12.2023, 0:55:19 - INFO - Req was made | / 
30.12.2023, 0:57:02 - INFO - server.js loaded... 
30.12.2023, 0:57:02 - INFO - Server is running on port: 3030 
30.12.2023, 0:57:06 - INFO - server.js loaded... 
30.12.2023, 0:57:06 - INFO - Server is running on port: 3030 
30.12.2023, 0:57:14 - INFO - server.js loaded... 
30.12.2023, 0:57:14 - INFO - Server is running on port: 3030 
30.12.2023, 0:58:16 - INFO - server.js loaded... 
30.12.2023, 0:58:16 - INFO - Server is running on port: 3030 
30.12.2023, 0:58:20 - INFO - server.js loaded... 
30.12.2023, 0:58:20 - INFO - Server is running on port: 3030 
30.12.2023, 0:58:24 - INFO - server.js loaded... 
30.12.2023, 0:58:24 - INFO - Server is running on port: 3030 
30.12.2023, 0:58:28 - INFO - server.js loaded... 
30.12.2023, 0:58:28 - INFO - Server is running on port: 3030 
30.12.2023, 0:58:39 - INFO - server.js loaded... 
30.12.2023, 0:58:39 - INFO - Server is running on port: 3030 
30.12.2023, 0:58:43 - INFO - server.js loaded... 
30.12.2023, 0:58:43 - INFO - Server is running on port: 3030 
30.12.2023, 0:58:47 - INFO - server.js loaded... 
30.12.2023, 0:58:47 - INFO - Server is running on port: 3030 
30.12.2023, 0:58:49 - INFO - server.js loaded... 
30.12.2023, 0:58:49 - INFO - Server is running on port: 3030 
30.12.2023, 0:58:52 - INFO - server.js loaded... 
30.12.2023, 0:58:52 - INFO - Server is running on port: 3030 
30.12.2023, 0:58:54 - INFO - server.js loaded... 
30.12.2023, 0:58:54 - INFO - Server is running on port: 3030 
30.12.2023, 0:58:59 - INFO - server.js loaded... 
30.12.2023, 0:58:59 - INFO - Server is running on port: 3030 
30.12.2023, 0:59:14 - INFO - server.js loaded... 
30.12.2023, 0:59:14 - INFO - Server is running on port: 3030 
30.12.2023, 11:37:08 - INFO - Server is running on port: 3030 
30.12.2023, 11:37:08 - INFO - server.js loaded... 
30.12.2023, 11:37:20 - INFO - Req was made | / 
30.12.2023, 11:37:32 - INFO - server.js loaded... 
30.12.2023, 11:37:32 - INFO - Server is running on port: 3030 
30.12.2023, 11:37:35 - INFO - Req was made | / 
30.12.2023, 11:38:07 - INFO - server.js loaded... 
30.12.2023, 11:38:07 - INFO - Server is running on port: 3030 
30.12.2023, 11:38:09 - INFO - Req was made | / 
30.12.2023, 11:41:17 - INFO - server.js loaded... 
30.12.2023, 11:41:17 - INFO - Server is running on port: 3030 
30.12.2023, 11:41:31 - INFO - server.js loaded... 
30.12.2023, 11:41:31 - INFO - Server is running on port: 3030 
30.12.2023, 11:44:01 - INFO - server.js loaded... 
30.12.2023, 11:44:01 - INFO - Server is running on port: 3030 
30.12.2023, 11:44:05 - INFO - Req was made | / 
30.12.2023, 11:44:07 - INFO - Req was made | /:toyId 
30.12.2023, 11:44:07 - ERROR - while finding toy bD0h2 | BSONError: input must be a 24 character hex string, 12 byte Uint8Array, or an integer 
30.12.2023, 11:44:07 - ERROR - Cannot get toy | BSONError: input must be a 24 character hex string, 12 byte Uint8Array, or an integer 
30.12.2023, 11:45:34 - INFO - Req was made | /:toyId 
30.12.2023, 11:45:34 - ERROR - while finding toy bD0h2 | BSONError: input must be a 24 character hex string, 12 byte Uint8Array, or an integer 
30.12.2023, 11:45:34 - ERROR - Cannot get toy | BSONError: input must be a 24 character hex string, 12 byte Uint8Array, or an integer 
30.12.2023, 11:45:59 - INFO - Req was made | /:toyId 
30.12.2023, 11:45:59 - ERROR - while finding toy bD0h2 | BSONError: input must be a 24 character hex string, 12 byte Uint8Array, or an integer 
30.12.2023, 11:45:59 - ERROR - Cannot get toy | BSONError: input must be a 24 character hex string, 12 byte Uint8Array, or an integer 
30.12.2023, 11:45:59 - INFO - Req was made | / 
30.12.2023, 11:46:01 - INFO - Req was made | / 
30.12.2023, 11:46:03 - INFO - Req was made | / 
30.12.2023, 11:46:05 - INFO - Req was made | /:toyId 
30.12.2023, 11:46:05 - ERROR - while finding toy bD0h2 | BSONError: input must be a 24 character hex string, 12 byte Uint8Array, or an integer 
30.12.2023, 11:46:05 - ERROR - Cannot get toy | BSONError: input must be a 24 character hex string, 12 byte Uint8Array, or an integer 
30.12.2023, 11:46:05 - INFO - Req was made | / 
30.12.2023, 11:46:07 - INFO - Req was made | /:toyId 
30.12.2023, 11:46:07 - ERROR - while finding toy bD0h2 | BSONError: input must be a 24 character hex string, 12 byte Uint8Array, or an integer 
30.12.2023, 11:46:07 - ERROR - Cannot get toy | BSONError: input must be a 24 character hex string, 12 byte Uint8Array, or an integer 
30.12.2023, 11:46:07 - INFO - Req was made | / 
30.12.2023, 11:46:12 - INFO - Req was made | /:toyId 
30.12.2023, 11:46:12 - ERROR - while finding toy bD0h2 | BSONError: input must be a 24 character hex string, 12 byte Uint8Array, or an integer 
30.12.2023, 11:46:12 - ERROR - Cannot get toy | BSONError: input must be a 24 character hex string, 12 byte Uint8Array, or an integer 
30.12.2023, 11:46:13 - INFO - Req was made | / 
30.12.2023, 11:50:21 - INFO - server.js loaded... 
30.12.2023, 11:50:21 - INFO - Server is running on port: 3030 
30.12.2023, 11:50:28 - INFO - server.js loaded... 
30.12.2023, 11:50:28 - INFO - Server is running on port: 3030 
30.12.2023, 11:50:35 - INFO - server.js loaded... 
30.12.2023, 11:50:35 - INFO - Server is running on port: 3030 
30.12.2023, 11:56:19 - INFO - server.js loaded... 
30.12.2023, 11:56:19 - INFO - Server is running on port: 3030 
30.12.2023, 11:58:13 - INFO - Req was made | / 
30.12.2023, 11:58:24 - INFO - Req was made | / 
30.12.2023, 11:58:30 - INFO - Req was made | / 
30.12.2023, 11:59:09 - INFO - Req was made | / 
30.12.2023, 11:59:26 - INFO - Req was made | / 
30.12.2023, 12:01:23 - INFO - Req was made | / 
30.12.2023, 12:06:37 - INFO - Req was made | / 
30.12.2023, 12:06:42 - INFO - Req was made | / 
30.12.2023, 12:11:29 - INFO - Req was made | /:toyId 
30.12.2023, 12:11:29 - ERROR - while finding toy labels | BSONError: input must be a 24 character hex string, 12 byte Uint8Array, or an integer 
30.12.2023, 12:11:29 - ERROR - Cannot get toy | BSONError: input must be a 24 character hex string, 12 byte Uint8Array, or an integer 
30.12.2023, 12:11:29 - INFO - Req was made | /:toyId 
30.12.2023, 12:11:29 - ERROR - while finding toy labels | BSONError: input must be a 24 character hex string, 12 byte Uint8Array, or an integer 
30.12.2023, 12:11:29 - ERROR - Cannot get toy | BSONError: input must be a 24 character hex string, 12 byte Uint8Array, or an integer 
30.12.2023, 12:11:29 - INFO - Req was made | /:toyId 
30.12.2023, 12:11:29 - ERROR - Cannot get toy | BSONError: input must be a 24 character hex string, 12 byte Uint8Array, or an integer 
30.12.2023, 12:11:29 - ERROR - while finding toy labels | BSONError: input must be a 24 character hex string, 12 byte Uint8Array, or an integer 
30.12.2023, 12:11:29 - INFO - Req was made | /:toyId 
30.12.2023, 12:11:29 - ERROR - while finding toy labels | BSONError: input must be a 24 character hex string, 12 byte Uint8Array, or an integer 
30.12.2023, 12:11:29 - ERROR - Cannot get toy | BSONError: input must be a 24 character hex string, 12 byte Uint8Array, or an integer 
30.12.2023, 12:11:29 - INFO - Req was made | /:toyId 
30.12.2023, 12:11:29 - ERROR - while finding toy labels | BSONError: input must be a 24 character hex string, 12 byte Uint8Array, or an integer 
30.12.2023, 12:11:29 - ERROR - Cannot get toy | BSONError: input must be a 24 character hex string, 12 byte Uint8Array, or an integer 
30.12.2023, 12:11:29 - INFO - Req was made | /:toyId 
30.12.2023, 12:11:29 - ERROR - while finding toy labels | BSONError: input must be a 24 character hex string, 12 byte Uint8Array, or an integer 
30.12.2023, 12:11:29 - ERROR - Cannot get toy | BSONError: input must be a 24 character hex string, 12 byte Uint8Array, or an integer 
30.12.2023, 12:11:40 - INFO - Req was made | /:toyId 
30.12.2023, 12:11:40 - ERROR - while finding toy labels | BSONError: input must be a 24 character hex string, 12 byte Uint8Array, or an integer 
30.12.2023, 12:11:40 - ERROR - Cannot get toy | BSONError: input must be a 24 character hex string, 12 byte Uint8Array, or an integer 
30.12.2023, 12:11:40 - INFO - Req was made | /:toyId 
30.12.2023, 12:11:40 - ERROR - while finding toy labels | BSONError: input must be a 24 character hex string, 12 byte Uint8Array, or an integer 
30.12.2023, 12:11:40 - ERROR - Cannot get toy | BSONError: input must be a 24 character hex string, 12 byte Uint8Array, or an integer 
30.12.2023, 12:11:40 - INFO - Req was made | /:toyId 
30.12.2023, 12:11:40 - ERROR - while finding toy labels | BSONError: input must be a 24 character hex string, 12 byte Uint8Array, or an integer 
30.12.2023, 12:11:40 - ERROR - Cannot get toy | BSONError: input must be a 24 character hex string, 12 byte Uint8Array, or an integer 
30.12.2023, 12:11:40 - INFO - Req was made | /:toyId 
30.12.2023, 12:11:40 - ERROR - while finding toy labels | BSONError: input must be a 24 character hex string, 12 byte Uint8Array, or an integer 
30.12.2023, 12:11:40 - ERROR - Cannot get toy | BSONError: input must be a 24 character hex string, 12 byte Uint8Array, or an integer 
30.12.2023, 12:11:40 - INFO - Req was made | /:toyId 
30.12.2023, 12:11:40 - ERROR - while finding toy labels | BSONError: input must be a 24 character hex string, 12 byte Uint8Array, or an integer 
30.12.2023, 12:11:40 - ERROR - Cannot get toy | BSONError: input must be a 24 character hex string, 12 byte Uint8Array, or an integer 
30.12.2023, 12:11:40 - INFO - Req was made | /:toyId 
30.12.2023, 12:11:40 - ERROR - while finding toy labels | BSONError: input must be a 24 character hex string, 12 byte Uint8Array, or an integer 
30.12.2023, 12:11:40 - ERROR - Cannot get toy | BSONError: input must be a 24 character hex string, 12 byte Uint8Array, or an integer 
30.12.2023, 12:12:39 - INFO - server.js loaded... 
30.12.2023, 12:12:39 - INFO - Server is running on port: 3030 
30.12.2023, 12:12:46 - INFO - Req was made | /:toyId 
30.12.2023, 12:12:46 - ERROR - while finding toy labels | BSONError: input must be a 24 character hex string, 12 byte Uint8Array, or an integer 
30.12.2023, 12:12:46 - ERROR - Cannot get toy | BSONError: input must be a 24 character hex string, 12 byte Uint8Array, or an integer 
30.12.2023, 12:12:46 - INFO - Req was made | /:toyId 
30.12.2023, 12:12:46 - ERROR - while finding toy labels | BSONError: input must be a 24 character hex string, 12 byte Uint8Array, or an integer 
30.12.2023, 12:12:46 - ERROR - Cannot get toy | BSONError: input must be a 24 character hex string, 12 byte Uint8Array, or an integer 
30.12.2023, 12:12:46 - INFO - Req was made | /:toyId 
30.12.2023, 12:12:46 - ERROR - while finding toy labels | BSONError: input must be a 24 character hex string, 12 byte Uint8Array, or an integer 
30.12.2023, 12:12:46 - ERROR - Cannot get toy | BSONError: input must be a 24 character hex string, 12 byte Uint8Array, or an integer 
30.12.2023, 12:12:46 - INFO - Req was made | /:toyId 
30.12.2023, 12:12:46 - ERROR - while finding toy labels | BSONError: input must be a 24 character hex string, 12 byte Uint8Array, or an integer 
30.12.2023, 12:12:46 - ERROR - Cannot get toy | BSONError: input must be a 24 character hex string, 12 byte Uint8Array, or an integer 
30.12.2023, 12:12:46 - INFO - Req was made | /:toyId 
30.12.2023, 12:12:46 - ERROR - while finding toy labels | BSONError: input must be a 24 character hex string, 12 byte Uint8Array, or an integer 
30.12.2023, 12:12:46 - ERROR - Cannot get toy | BSONError: input must be a 24 character hex string, 12 byte Uint8Array, or an integer 
30.12.2023, 12:12:46 - INFO - Req was made | /:toyId 
30.12.2023, 12:12:46 - ERROR - Cannot get toy | BSONError: input must be a 24 character hex string, 12 byte Uint8Array, or an integer 
30.12.2023, 12:12:46 - ERROR - while finding toy labels | BSONError: input must be a 24 character hex string, 12 byte Uint8Array, or an integer 
30.12.2023, 12:19:19 - INFO - Req was made | / 
30.12.2023, 12:19:23 - INFO - Req was made | / 
30.12.2023, 12:19:27 - INFO - Req was made | / 
30.12.2023, 12:19:47 - INFO - Req was made | / 
30.12.2023, 12:19:54 - INFO - Req was made | / 
30.12.2023, 12:20:17 - INFO - Req was made | /:toyId 
30.12.2023, 12:20:17 - ERROR - while finding toy labels | BSONError: input must be a 24 character hex string, 12 byte Uint8Array, or an integer 
30.12.2023, 12:20:17 - ERROR - Cannot get toy | BSONError: input must be a 24 character hex string, 12 byte Uint8Array, or an integer 
30.12.2023, 12:20:17 - INFO - Req was made | / 
30.12.2023, 12:20:19 - INFO - Req was made | /:toyId 
30.12.2023, 12:20:19 - ERROR - while finding toy labels | BSONError: input must be a 24 character hex string, 12 byte Uint8Array, or an integer 
30.12.2023, 12:20:19 - ERROR - Cannot get toy | BSONError: input must be a 24 character hex string, 12 byte Uint8Array, or an integer 
30.12.2023, 12:20:19 - INFO - Req was made | / 
30.12.2023, 12:20:21 - INFO - Req was made | /:toyId 
30.12.2023, 12:20:21 - ERROR - while finding toy labels | BSONError: input must be a 24 character hex string, 12 byte Uint8Array, or an integer 
30.12.2023, 12:20:21 - ERROR - Cannot get toy | BSONError: input must be a 24 character hex string, 12 byte Uint8Array, or an integer 
30.12.2023, 12:20:21 - INFO - Req was made | / 
30.12.2023, 12:20:59 - ERROR - while finding toy labels | BSONError: input must be a 24 character hex string, 12 byte Uint8Array, or an integer 
30.12.2023, 12:20:59 - INFO - Req was made | /:toyId 
30.12.2023, 12:20:59 - ERROR - Cannot get toy | BSONError: input must be a 24 character hex string, 12 byte Uint8Array, or an integer 
30.12.2023, 12:20:59 - INFO - Req was made | / 
30.12.2023, 12:22:11 - INFO - server.js loaded... 
30.12.2023, 12:22:11 - INFO - Server is running on port: 3030 
30.12.2023, 12:22:16 - INFO - Req was made | /labels 
30.12.2023, 12:22:16 - INFO - Req was made | / 
30.12.2023, 12:23:02 - INFO - server.js loaded... 
30.12.2023, 12:23:02 - INFO - Server is running on port: 3030 
30.12.2023, 12:23:10 - INFO - Req was made | /labels 
30.12.2023, 12:23:10 - INFO - Req was made | / 
30.12.2023, 12:23:17 - INFO - server.js loaded... 
30.12.2023, 12:23:18 - INFO - Server is running on port: 3030 
30.12.2023, 12:24:44 - INFO - Req was made | /labels 
30.12.2023, 12:24:44 - INFO - Req was made | / 
30.12.2023, 12:26:02 - INFO - Req was made | / 
30.12.2023, 12:26:08 - INFO - Req was made | /labels 
30.12.2023, 12:26:08 - INFO - Req was made | / 
30.12.2023, 12:26:36 - INFO - server.js loaded... 
30.12.2023, 12:26:37 - INFO - Server is running on port: 3030 
30.12.2023, 12:26:40 - INFO - Req was made | /labels 
30.12.2023, 12:26:40 - INFO - Req was made | / 
30.12.2023, 12:29:28 - INFO - Req was made | /labels 
30.12.2023, 12:29:30 - INFO - Req was made | / 
30.12.2023, 12:30:06 - INFO - Req was made | /labels 
30.12.2023, 12:30:06 - INFO - Req was made | / 
30.12.2023, 12:32:48 - INFO - Req was made | / 
30.12.2023, 12:32:48 - INFO - Req was made | / 
30.12.2023, 12:32:56 - INFO - Req was made | /labels 
30.12.2023, 12:32:56 - INFO - Req was made | / 
30.12.2023, 12:33:11 - INFO - Req was made | /labels 
30.12.2023, 12:33:30 - INFO - Req was made | /labels 
30.12.2023, 12:33:48 - INFO - server.js loaded... 
30.12.2023, 12:33:48 - INFO - Server is running on port: 3030 
30.12.2023, 12:33:50 - INFO - server.js loaded... 
30.12.2023, 12:33:50 - INFO - Server is running on port: 3030 
30.12.2023, 12:33:52 - INFO - Req was made | /labels 
30.12.2023, 12:34:34 - INFO - server.js loaded... 
30.12.2023, 12:34:34 - INFO - Server is running on port: 3030 
30.12.2023, 12:34:36 - INFO - server.js loaded... 
30.12.2023, 12:34:36 - INFO - Server is running on port: 3030 
30.12.2023, 12:34:37 - INFO - Req was made | /labels 
30.12.2023, 12:34:53 - INFO - server.js loaded... 
30.12.2023, 12:34:53 - INFO - Server is running on port: 3030 
30.12.2023, 12:35:03 - INFO - server.js loaded... 
30.12.2023, 12:35:03 - INFO - Server is running on port: 3030 
30.12.2023, 12:35:04 - INFO - Req was made | /labels 
30.12.2023, 12:35:18 - INFO - Req was made | /labels 
30.12.2023, 12:35:26 - INFO - server.js loaded... 
30.12.2023, 12:35:26 - INFO - Server is running on port: 3030 
30.12.2023, 12:35:35 - INFO - server.js loaded... 
30.12.2023, 12:35:35 - INFO - Server is running on port: 3030 
30.12.2023, 12:35:37 - INFO - Req was made | /labels 
30.12.2023, 12:36:21 - INFO - server.js loaded... 
30.12.2023, 12:36:21 - INFO - Server is running on port: 3030 
30.12.2023, 12:36:23 - INFO - Req was made | /labels 
30.12.2023, 12:38:15 - INFO - server.js loaded... 
30.12.2023, 12:38:15 - INFO - Server is running on port: 3030 
30.12.2023, 12:38:23 - INFO - Req was made | /labels 
30.12.2023, 12:39:45 - INFO - server.js loaded... 
30.12.2023, 12:39:45 - INFO - Server is running on port: 3030 
30.12.2023, 12:39:49 - INFO - Req was made | /labels 
30.12.2023, 12:39:49 - INFO - Req was made | / 
30.12.2023, 12:40:28 - INFO - Req was made | /labels 
30.12.2023, 12:40:28 - INFO - Req was made | / 
30.12.2023, 12:40:28 - INFO - Req was made | / 
30.12.2023, 12:40:31 - INFO - Req was made | /labels 
30.12.2023, 12:40:31 - INFO - Req was made | / 
30.12.2023, 12:40:31 - INFO - Req was made | / 
30.12.2023, 12:40:34 - INFO - Req was made | /labels 
30.12.2023, 12:40:34 - INFO - Req was made | / 
30.12.2023, 12:40:34 - INFO - Req was made | / 
30.12.2023, 12:40:47 - INFO - Req was made | /labels 
30.12.2023, 12:40:47 - INFO - Req was made | / 
30.12.2023, 12:40:47 - INFO - Req was made | / 
30.12.2023, 12:40:54 - INFO - Req was made | /labels 
30.12.2023, 12:40:54 - INFO - Req was made | / 
30.12.2023, 12:40:54 - INFO - Req was made | / 
30.12.2023, 12:40:56 - INFO - Req was made | /labels 
30.12.2023, 12:40:56 - INFO - Req was made | / 
30.12.2023, 12:40:56 - INFO - Req was made | / 
30.12.2023, 12:41:05 - INFO - Req was made | /labels 
30.12.2023, 12:41:05 - INFO - Req was made | / 
30.12.2023, 12:41:05 - INFO - Req was made | / 
30.12.2023, 12:41:08 - INFO - Req was made | /labels 
30.12.2023, 12:41:08 - INFO - Req was made | / 
30.12.2023, 12:42:07 - INFO - Req was made | / 
30.12.2023, 12:42:07 - INFO - Req was made | /labels 
30.12.2023, 12:42:07 - INFO - Req was made | / 
30.12.2023, 12:42:12 - INFO - Req was made | /labels 
30.12.2023, 12:42:12 - INFO - Req was made | / 
30.12.2023, 12:42:12 - INFO - Req was made | / 
30.12.2023, 12:44:25 - INFO - Req was made | /labels 
30.12.2023, 12:44:27 - INFO - Req was made | /labels 
30.12.2023, 12:44:29 - INFO - Req was made | /labels 
30.12.2023, 12:44:29 - INFO - Req was made | / 
30.12.2023, 12:44:29 - INFO - Req was made | / 
30.12.2023, 12:44:54 - INFO - Req was made | /labels 
30.12.2023, 12:44:54 - INFO - Req was made | / 
30.12.2023, 12:44:54 - INFO - Req was made | / 
30.12.2023, 12:45:01 - INFO - Req was made | /labels 
30.12.2023, 12:45:06 - INFO - Req was made | /labels 
30.12.2023, 12:45:06 - INFO - Req was made | / 
30.12.2023, 12:45:06 - INFO - Req was made | / 
30.12.2023, 12:45:24 - INFO - Req was made | / 
30.12.2023, 12:45:24 - INFO - Req was made | / 
30.12.2023, 12:45:29 - INFO - Req was made | /labels 
30.12.2023, 12:45:30 - INFO - Req was made | / 
30.12.2023, 12:45:30 - INFO - Req was made | / 
30.12.2023, 12:45:45 - INFO - Req was made | / 
30.12.2023, 12:45:45 - INFO - Req was made | / 
30.12.2023, 12:45:47 - INFO - Req was made | / 
30.12.2023, 12:45:47 - INFO - Req was made | / 
30.12.2023, 12:45:48 - INFO - Req was made | / 
30.12.2023, 12:45:48 - INFO - Req was made | / 
30.12.2023, 12:45:51 - INFO - Req was made | / 
30.12.2023, 12:45:51 - INFO - Req was made | / 
30.12.2023, 12:46:03 - INFO - Req was made | / 
30.12.2023, 12:46:03 - INFO - Req was made | / 
30.12.2023, 12:46:05 - INFO - Req was made | / 
30.12.2023, 12:46:05 - INFO - Req was made | / 
30.12.2023, 12:46:06 - INFO - Req was made | / 
30.12.2023, 12:46:06 - INFO - Req was made | / 
30.12.2023, 12:47:11 - INFO - Req was made | / 
30.12.2023, 12:47:11 - INFO - Req was made | / 
30.12.2023, 12:47:14 - INFO - Req was made | / 
30.12.2023, 12:47:14 - INFO - Req was made | / 
30.12.2023, 12:48:00 - INFO - Req was made | / 
30.12.2023, 12:48:01 - INFO - Req was made | /labels 
30.12.2023, 12:48:01 - INFO - Req was made | / 
30.12.2023, 12:48:17 - INFO - Req was made | / 
30.12.2023, 12:48:17 - INFO - Req was made | / 
30.12.2023, 12:48:33 - INFO - Req was made | / 
30.12.2023, 12:48:38 - INFO - Req was made | / 
30.12.2023, 12:48:46 - INFO - Req was made | / 
30.12.2023, 12:48:46 - INFO - Req was made | / 
30.12.2023, 12:51:46 - INFO - Req was made | /labels 
30.12.2023, 12:51:46 - INFO - Req was made | / 
30.12.2023, 13:13:36 - INFO - server.js loaded... 
30.12.2023, 13:13:36 - INFO - Server is running on port: 3030 
30.12.2023, 13:13:47 - INFO - server.js loaded... 
30.12.2023, 13:13:47 - INFO - Server is running on port: 3030 
30.12.2023, 13:15:12 - INFO - server.js loaded... 
30.12.2023, 13:15:12 - INFO - Server is running on port: 3030 
30.12.2023, 13:15:24 - INFO - server.js loaded... 
30.12.2023, 13:15:24 - INFO - Server is running on port: 3030 
30.12.2023, 13:15:42 - INFO - server.js loaded... 
30.12.2023, 13:15:42 - INFO - Server is running on port: 3030 
30.12.2023, 13:18:09 - INFO - Req was made | /labels 
30.12.2023, 13:18:09 - INFO - Req was made | / 
30.12.2023, 13:18:34 - INFO - Req was made | / 
30.12.2023, 13:18:34 - INFO - Req was made | / 
30.12.2023, 13:20:24 - INFO - Req was made | / 
30.12.2023, 13:20:24 - INFO - Req was made | / 
30.12.2023, 13:20:25 - INFO - Req was made | / 
30.12.2023, 13:20:25 - INFO - Req was made | / 
30.12.2023, 13:20:26 - INFO - Req was made | /labels 
30.12.2023, 13:20:26 - INFO - Req was made | / 
30.12.2023, 13:20:28 - INFO - Req was made | /:toyId 
30.12.2023, 13:20:38 - INFO - Req was made | / 
30.12.2023, 13:20:38 - INFO - Req was made | / 
30.12.2023, 13:20:45 - INFO - Req was made | /:toyId 
30.12.2023, 13:20:46 - INFO - Req was made | / 
30.12.2023, 13:20:46 - INFO - Req was made | / 
30.12.2023, 13:20:56 - INFO - Req was made | / 
30.12.2023, 13:20:56 - INFO - Req was made | / 
30.12.2023, 13:42:05 - INFO - server.js loaded... 
30.12.2023, 13:42:05 - INFO - Server is running on port: 3030 
30.12.2023, 13:42:06 - INFO - Req was made | /labels 
30.12.2023, 13:42:06 - INFO - Req was made | / 
30.12.2023, 13:42:11 - INFO - Req was made | /:toyId 
30.12.2023, 13:42:15 - INFO - Req was made | / 
30.12.2023, 13:42:15 - INFO - Req was made | / 
30.12.2023, 13:42:27 - INFO - Req was made | /labels 
30.12.2023, 13:42:27 - INFO - Req was made | / 
30.12.2023, 13:42:47 - INFO - server.js loaded... 
30.12.2023, 13:42:47 - INFO - Server is running on port: 3030 
30.12.2023, 13:42:50 - INFO - Req was made | /labels 
30.12.2023, 13:42:50 - INFO - Req was made | / 
30.12.2023, 13:42:53 - INFO - Req was made | /:toyId 
30.12.2023, 13:42:56 - INFO - Req was made | / 
30.12.2023, 13:42:56 - INFO - Req was made | / 
30.12.2023, 13:43:31 - INFO - server.js loaded... 
30.12.2023, 13:43:31 - INFO - Server is running on port: 3030 
30.12.2023, 13:43:33 - INFO - Req was made | /labels 
30.12.2023, 13:43:33 - INFO - Req was made | / 
30.12.2023, 13:43:35 - INFO - Req was made | /:toyId 
30.12.2023, 13:43:39 - INFO - Req was made | / 
30.12.2023, 13:43:39 - INFO - Req was made | / 
30.12.2023, 13:44:15 - INFO - server.js loaded... 
30.12.2023, 13:44:15 - INFO - Server is running on port: 3030 
30.12.2023, 13:44:19 - INFO - Req was made | /:toyId 
30.12.2023, 13:44:22 - INFO - Req was made | / 
30.12.2023, 13:44:22 - INFO - Req was made | / 
30.12.2023, 13:44:40 - INFO - server.js loaded... 
30.12.2023, 13:44:40 - INFO - Server is running on port: 3030 
30.12.2023, 13:44:53 - INFO - server.js loaded... 
30.12.2023, 13:44:53 - INFO - Server is running on port: 3030 
30.12.2023, 13:44:55 - INFO - Req was made | /:toyId 
30.12.2023, 13:44:58 - INFO - Req was made | / 
30.12.2023, 13:44:58 - INFO - Req was made | / 
30.12.2023, 13:46:56 - INFO - server.js loaded... 
30.12.2023, 13:46:56 - INFO - Server is running on port: 3030 
30.12.2023, 13:46:57 - INFO - Req was made | /:toyId 
30.12.2023, 13:46:59 - INFO - Req was made | / 
30.12.2023, 13:46:59 - INFO - Req was made | / 
30.12.2023, 13:46:59 - INFO - Req was made | / 
30.12.2023, 13:47:05 - INFO - Req was made | /:toyId 
30.12.2023, 13:47:09 - INFO - Req was made | / 
30.12.2023, 13:47:09 - INFO - Req was made | / 
30.12.2023, 13:47:09 - INFO - Req was made | / 
30.12.2023, 13:51:52 - INFO - server.js loaded... 
30.12.2023, 13:51:52 - INFO - Server is running on port: 3030 
30.12.2023, 13:51:52 - INFO - Req was made | /labels 
30.12.2023, 13:51:52 - INFO - Req was made | / 
30.12.2023, 13:51:54 - ERROR - Failed to add toy | TypeError: toyService.add is not a function 
30.12.2023, 13:51:57 - ERROR - Failed to add toy | TypeError: toyService.add is not a function 
30.12.2023, 13:52:35 - INFO - server.js loaded... 
30.12.2023, 13:52:35 - INFO - Server is running on port: 3030 
30.12.2023, 13:52:37 - INFO - Req was made | /labels 
30.12.2023, 13:52:37 - INFO - Req was made | / 
30.12.2023, 13:56:18 - INFO - server.js loaded... 
30.12.2023, 13:56:18 - INFO - Server is running on port: 3030 
30.12.2023, 13:56:23 - INFO - Req was made | /labels 
30.12.2023, 13:56:23 - INFO - Req was made | / 
30.12.2023, 13:58:12 - INFO - Req was made | /:toyId 
30.12.2023, 13:58:14 - INFO - Req was made | / 
30.12.2023, 13:58:14 - INFO - Req was made | / 
30.12.2023, 14:00:32 - INFO - server.js loaded... 
30.12.2023, 14:00:32 - INFO - Server is running on port: 3030 
30.12.2023, 14:01:10 - INFO - Req was made | /labels 
30.12.2023, 14:01:10 - INFO - Req was made | / 
30.12.2023, 14:01:29 - INFO - Req was made | /labels 
30.12.2023, 14:01:29 - INFO - Req was made | / 
30.12.2023, 14:02:27 - INFO - server.js loaded... 
30.12.2023, 14:02:27 - INFO - Server is running on port: 3030 
30.12.2023, 14:02:36 - INFO - server.js loaded... 
30.12.2023, 14:02:36 - INFO - Server is running on port: 3030 
30.12.2023, 14:02:56 - INFO - server.js loaded... 
30.12.2023, 14:02:56 - INFO - Server is running on port: 3030 
30.12.2023, 14:03:13 - INFO - server.js loaded... 
30.12.2023, 14:03:13 - INFO - Server is running on port: 3030 
30.12.2023, 14:03:21 - INFO - Req was made | /labels 
30.12.2023, 14:03:21 - INFO - Req was made | / 
30.12.2023, 14:03:55 - INFO - server.js loaded... 
30.12.2023, 14:03:55 - INFO - Server is running on port: 3030 
30.12.2023, 14:03:56 - INFO - server.js loaded... 
30.12.2023, 14:03:56 - INFO - Server is running on port: 3030 
30.12.2023, 14:04:23 - INFO - Req was made | /labels 
30.12.2023, 14:04:23 - INFO - Req was made | / 
30.12.2023, 14:04:34 - INFO - server.js loaded... 
30.12.2023, 14:04:34 - INFO - Server is running on port: 3030 
30.12.2023, 14:04:36 - INFO - Req was made | /labels 
30.12.2023, 14:04:36 - INFO - Req was made | / 
30.12.2023, 14:04:49 - INFO - Req was made | /labels 
30.12.2023, 14:04:49 - INFO - Req was made | / 
30.12.2023, 14:04:53 - INFO - Req was made | /labels 
30.12.2023, 14:04:53 - INFO - Req was made | / 
30.12.2023, 14:05:08 - INFO - Req was made | /labels 
30.12.2023, 14:05:08 - INFO - Req was made | / 
30.12.2023, 14:06:16 - INFO - server.js loaded... 
30.12.2023, 14:06:16 - INFO - Server is running on port: 3030 
30.12.2023, 14:06:41 - INFO - server.js loaded... 
30.12.2023, 14:06:41 - INFO - Server is running on port: 3030 
30.12.2023, 14:06:58 - INFO - server.js loaded... 
30.12.2023, 14:06:58 - INFO - Server is running on port: 3030 
30.12.2023, 14:07:06 - INFO - Req was made | /labels 
30.12.2023, 14:07:06 - INFO - Req was made | / 
30.12.2023, 14:07:08 - INFO - Req was made | /labels 
30.12.2023, 14:07:08 - INFO - Req was made | / 
30.12.2023, 14:07:10 - INFO - Req was made | /:toyId 
30.12.2023, 14:07:11 - INFO - Req was made | / 
30.12.2023, 14:07:11 - INFO - Req was made | / 
30.12.2023, 14:08:16 - INFO - server.js loaded... 
30.12.2023, 14:08:16 - INFO - Server is running on port: 3030 
30.12.2023, 14:08:18 - INFO - Req was made | /labels 
30.12.2023, 14:08:18 - INFO - Req was made | / 
30.12.2023, 14:30:25 - INFO - server.js loaded... 
30.12.2023, 14:30:25 - INFO - Server is running on port: 3030 
30.12.2023, 14:34:28 - INFO - server.js loaded... 
30.12.2023, 14:34:28 - INFO - Server is running on port: 3030 
30.12.2023, 14:34:34 - INFO - server.js loaded... 
30.12.2023, 14:34:34 - INFO - Server is running on port: 3030 
30.12.2023, 14:34:35 - INFO - server.js loaded... 
30.12.2023, 14:34:35 - INFO - Server is running on port: 3030 
30.12.2023, 14:34:36 - INFO - server.js loaded... 
30.12.2023, 14:34:36 - INFO - Server is running on port: 3030 
30.12.2023, 14:34:40 - INFO - server.js loaded... 
30.12.2023, 14:34:40 - INFO - Server is running on port: 3030 
30.12.2023, 14:34:41 - INFO - server.js loaded... 
30.12.2023, 14:34:41 - INFO - Server is running on port: 3030 
30.12.2023, 14:34:42 - INFO - server.js loaded... 
30.12.2023, 14:34:42 - INFO - Server is running on port: 3030 
30.12.2023, 14:34:57 - INFO - server.js loaded... 
30.12.2023, 14:34:57 - INFO - Server is running on port: 3030 
30.12.2023, 14:35:11 - INFO - server.js loaded... 
30.12.2023, 14:35:11 - INFO - Server is running on port: 3030 
30.12.2023, 14:35:16 - INFO - server.js loaded... 
30.12.2023, 14:35:16 - INFO - Server is running on port: 3030 
30.12.2023, 14:35:21 - INFO - server.js loaded... 
30.12.2023, 14:35:21 - INFO - Server is running on port: 3030 
30.12.2023, 14:35:21 - INFO - server.js loaded... 
30.12.2023, 14:35:21 - INFO - Server is running on port: 3030 
30.12.2023, 14:35:22 - INFO - server.js loaded... 
30.12.2023, 14:35:22 - INFO - Server is running on port: 3030 
30.12.2023, 14:35:24 - INFO - server.js loaded... 
30.12.2023, 14:35:24 - INFO - Server is running on port: 3030 
30.12.2023, 14:35:24 - INFO - server.js loaded... 
30.12.2023, 14:35:25 - INFO - Server is running on port: 3030 
30.12.2023, 14:35:25 - INFO - server.js loaded... 
30.12.2023, 14:35:25 - INFO - Server is running on port: 3030 
30.12.2023, 14:35:26 - INFO - server.js loaded... 
30.12.2023, 14:35:27 - INFO - Server is running on port: 3030 
30.12.2023, 14:35:28 - INFO - server.js loaded... 
30.12.2023, 14:35:28 - INFO - Server is running on port: 3030 
30.12.2023, 14:35:29 - INFO - server.js loaded... 
30.12.2023, 14:35:29 - INFO - Server is running on port: 3030 
30.12.2023, 14:35:30 - INFO - server.js loaded... 
30.12.2023, 14:35:30 - INFO - Server is running on port: 3030 
30.12.2023, 14:35:32 - INFO - server.js loaded... 
30.12.2023, 14:35:32 - INFO - Server is running on port: 3030 
30.12.2023, 14:35:33 - INFO - Server is running on port: 3030 
30.12.2023, 14:35:33 - INFO - server.js loaded... 
30.12.2023, 14:35:41 - INFO - server.js loaded... 
30.12.2023, 14:35:41 - INFO - Server is running on port: 3030 
30.12.2023, 14:35:42 - INFO - server.js loaded... 
30.12.2023, 14:35:42 - INFO - Server is running on port: 3030 
30.12.2023, 14:35:49 - INFO - server.js loaded... 
30.12.2023, 14:35:49 - INFO - Server is running on port: 3030 
30.12.2023, 14:35:51 - INFO - server.js loaded... 
30.12.2023, 14:35:51 - INFO - Server is running on port: 3030 
30.12.2023, 14:35:54 - INFO - server.js loaded... 
30.12.2023, 14:35:54 - INFO - Server is running on port: 3030 
30.12.2023, 14:35:55 - INFO - server.js loaded... 
30.12.2023, 14:35:55 - INFO - Server is running on port: 3030 
30.12.2023, 14:35:57 - INFO - server.js loaded... 
30.12.2023, 14:35:57 - INFO - Server is running on port: 3030 
30.12.2023, 14:35:59 - INFO - server.js loaded... 
30.12.2023, 14:35:59 - INFO - Server is running on port: 3030 
30.12.2023, 14:36:00 - INFO - server.js loaded... 
30.12.2023, 14:36:00 - INFO - Server is running on port: 3030 
